<?xml version="1.0" encoding="UTF-8"?>
<!-- Generated by org.testng.reporters.JUnitXMLReporter -->
<testsuite hostname="HIBACL61349" name="Regression suite 1" tests="1" failures="1" timestamp="12 Jan 2017 05:40:11 GMT" time="0.039" errors="0">
  <testcase name="loginTest" time="0.015" classname="com.mercury.frontend.LoginTest">
    <failure type="java.lang.NullPointerException">
      <![CDATA[java.lang.NullPointerException
	at com.mercury.frontend.LoginTest.loginTest(LoginTest.java:25)
... Removed 24 stack frames]]>
    </failure>
  </testcase> <!-- loginTest -->
</testsuite> <!-- Regression suite 1 -->
