<?xml version="1.0" encoding="UTF-8"?>
<!-- Generated by org.testng.reporters.JUnitXMLReporter -->
<testsuite hostname="HIBACL61349" name="LoginTestDemo" tests="1" failures="1" timestamp="12 Jan 2017 07:55:21 GMT" time="0.048" errors="0">
  <testcase name="@BeforeTest setUp" time="0.0" classname="com.mercury.frontend.LoginTest">
    <failure type="java.lang.NullPointerException">
      <![CDATA[java.lang.NullPointerException
... Removed 16 stack frames]]>
    </failure>
  </testcase> <!-- @BeforeTest setUp -->
  <testcase name="@AfterTest tearDown" time="0.0" classname="com.mercury.frontend.LoginTest">
    <failure type="java.lang.NullPointerException">
      <![CDATA[java.lang.NullPointerException
... Removed 16 stack frames]]>
    </failure>
  </testcase> <!-- @AfterTest tearDown -->
  <testcase name="loginTest" time="0.015" classname="com.mercury.frontend.LoginTest">
    <failure type="org.testng.TestNGException" message="
Can&amp;apos;t invoke public void com.mercury.frontend.LoginTest.loginTest() throws java.lang.Exception: either make it static or add a no-args constructor to your class">
      <![CDATA[org.testng.TestNGException: 
Can't invoke public void com.mercury.frontend.LoginTest.loginTest() throws java.lang.Exception: either make it static or add a no-args constructor to your class
... Removed 21 stack frames]]>
    </failure>
  </testcase> <!-- loginTest -->
</testsuite> <!-- LoginTestDemo -->
