<?xml version="1.0" encoding="UTF-8"?>
<!-- Generated by org.testng.reporters.JUnitXMLReporter -->
<testsuite hostname="HIBACL61349" name="LoginTestDemo" tests="1" failures="1" timestamp="12 Jan 2017 06:07:18 GMT" time="7.861" errors="0">
  <testcase name="loginTest" time="2.438" classname="com.mercury.frontend.LoginTest">
    <failure type="java.lang.NullPointerException">
      <![CDATA[java.lang.NullPointerException
	at com.ofr.home.OfrSignInPage.getSignInButton(OfrSignInPage.java:20)
	at com.ofr.home.OfrSignInPage.signInToMercuryTours(OfrSignInPage.java:11)
	at com.ofr.common.OfrBasePage.GoToHomePageAndSignIn(OfrBasePage.java:30)
	at com.mercury.frontend.LoginTest.loginTest(LoginTest.java:27)
... Removed 24 stack frames]]>
    </failure>
  </testcase> <!-- loginTest -->
</testsuite> <!-- LoginTestDemo -->
